[    0.000000] Initializing cgroup subsys cpuset
[    0.000000] Initializing cgroup subsys cpu
[    0.000000] Initializing cgroup subsys cpuacct
[    0.000000] Linux version 4.4.0-178-generic (buildd@lgw01-amd64-017) (gcc version 5.4.0 20160609 (Ubuntu 5.4.0-6ubuntu1~16.04.12) ) #208-Ubuntu SMP Sun Apr 5 23:45:10 UTC 2020 (Ubuntu 4.4.0-178.208-generic 4.4.217)
[    0.000000] Command line: BOOT_IMAGE=/boot/vmlinuz-4.4.0-178-generic root=UUID=550dd3ae-7e36-4ee8-99c7-73d48a45f588 ro console=ty cso=tty
  0.0000KENEL ppte cpu
  0.0000  ntel Geninnt
    0.000000]   AMD AuthenticAMD
[    0.000000]   Centaur CentaurHauls
[    0.000000] x86/fpu: xstate_offset[2]:  576, xstate_sizes[2]:  256
[    0.000000] x86/fpu: Supporting XSAVE feature 0x01: 'x87 floating point registers'
[    0.000000] x86/fpu: Supporting XSAVE feature 0x02: 'SSE registers'
[    0.000000] x86/fpu: Supporting XSAVE feature 0x04: 'AVX registers'
[    0.000000] x86/fpu: Enabled xstate features 0x7, context size is 832 bytes, using 'standard' format.
[    0.000000] e820: BIOS-provided physical RAM map:
[    0.000000] BIOS-e820: [mem 0x0000000000000000-0x000000000009fbff] usable
[    0.000000] BIOS-e820: [mem 0x000000000009fc00-0x000000000009ffff] reserved
[    0.000000] BIOS-e820: [mem 0x00000000000f0000-0x00000000000fffff] reserved
[    0.000000] BIOS-e820: [mem 0x0000000000100000-0x00003ffeffff] usable
[    0.000000] BIOS-e820: [mem 0x000000003fff0000-0x000000003fffffff] ACPI data
[    0.000000] BIOS-e820: [mem 0x00000000fec00000-0x00000000fec00fff] reserved
[    0.000000] BIOS-e820: [mem 0x00000000fee00000-0x00000000fee00fff] reserved
[    0.000000] BIOS-e820: [mem 0x00000000fffc0000-0x00000000ffffffff] reserved
[    0.000000] NX (Execute Disable) protection: active
[    0.000000] SMBIOS 2.5 present.
[    0.000000] Hypervisor detected: KVM
[    0.000000] e820: last_pfn = 0x3fff0 max_arch_pfn = 0x400000000
[    0.000000] MTRR: Disabled
[    0.000000] x86/PAT: MTRRs disabled, skipping PAT initialization too.
[    0.000000] CPU MTRRs all blank - virtualized system.
[    0.000000] x86/PAT: Configuration [0-7]: WB  WT  UC- UC  WB  WT  UC- UC  
[    0.000000] found SMP MP-table at [mem 0x0009fff0-0x0009ffff] mapped at [ffff88000009fff0]
[    0.000000] Scanning 1 areas for low memory corruption
[    0.000000] RAMDISK: [mem 0x361ce000-0x370defff]
[    0.000000] ACPI: Early table checksum verification disabled
[    0.000000] ACPI: RSDP 0x00000000000E0000 000024 (v02 VBOX  )
[    0.000000] ACPI: XSDT 0x000000003FFF0030 00003C (v01 VBOX   VBOXXSDT 00000001 ASL  00000061)
[    0.000000] ACPI: FACP 0x000000003FFF00F0 0000F4 (v04 VBOX   VBOXFACP 00000001 ASL  00000061)
[    0.000000] ACPI: DSDT 0x000000003FFF0470 0021FF (v02 VBOX   VBOXBIOS 00000002 INTL 20180105)
[    0.000000] ACPI: FACS 0x000000003FFF0200 000040
[    0.000000] ACPI: FACS 0x000000003FFF0200 000040
[    0.000000] ACPI: APIC 0x000000003FFF0240 00005C (v02 VBOX   VBOXAPIC 00000001 ASL  00000061)
[    0.000000] ACPI: SSDT 0x000000003FFF02A0 0001CC (v01 VBOX   VBOXCPUT 00000002 INTL 20180105)
[    0.000000] No NUMA configuration found
[    0.000000] Faking a node at [mem 0x0000000000000000-0x000000003ffeffff]
[    0.000000] NODE_DATA(0) allocated [mem 0x3ffeb000-0x3ffeffff]
[    0.000000] kvm-clock: Using msrs 4b564d01 and 4b564d00
[    0.000000] kvm-clock: cpu 0, msr 0:3ffe3001, primary cpu clock
[    0.000000] kvm-clock: using sched offset of 3309836592 cycles
[    0.000000] clocksource: kvm-clock: mask: 0xffffffffffffffff max_cycles: 0x1cd42e4dffb, max_idle_ns: 881590591483 ns
[    0.000000] Zone ranges:
[    0.000000]   DMA      [mem 0x0000000000001000-0x0000000000ffffff]
[    0.0000   DMA32    [mem 0x0000000001000000-0x000000003ffeffff]
[    0.000000]   Normal   empty
[    0.000000]   Device   empty
[    0.000000] Movable zone start for each node
[    0.000000] Early memory node ranges
[    0.000000]   node   0: [mem 0x0000000000001000-0x000000000009efff]
[    0.000000]   node   0: [mem 0x0000000000100000-0x000000003ffeffff]
[    0.0000] Initm tu node 0 [m 0000000001000-0x00000ffffff]   0.000000] ACPI: PM-Timer IO Port: 0x4008
[    0.000000] IOAPIC[0]: apic_id 2, version 32, address 0xfec00000, GSI 0-23
[    0.000000] ACPI: INT_SRC_OVR (bus 0 bus_irq 0 global_irq 2 dfl dfl)
[    0.000000] ACPI: INT_SRC_OVR (bus 0 bus_irq 9 global_irq 9 low level)
[    0.000000] Using ACPI (MADT) for SMP configuration information
[    0.000000] smpboot: Allowing 2 CPUs, 0 hotplug CPUs
[    0.000000] PM: Registered nosave memory: [mem 0x00000000-0x00000fff]
[    0.000000] PM: Registered nosave memory: [mem 0x0009f000-0x0009ffff]
[    0.000000] PM: Registered nosave memory: [mem 0x000a0000-0x000effff]
[    0.000000] PM: Registered nosave memory: [mem 0x000f0000-0x000fffff]
[    0.000000] e820: [mem 0x40000000-0xfebfffff] available for PCI devices
[    0.000000] Booting paravirtualized kernel on KVM
[    0.000000] clocksource: refined-jiffies: mask: 0xffffffff max_cycles: 0xffffffff, max_idle_ns: 7645519600211568 ns
[    0.000000] setup_percpu: NR_CPUS:512 nr_cpumask_bits:512 nr_cpu_ids:2 nr_node_ids:1
[    0.000000] PERCPU: Embedded 33 pages/cpu @ffff88003fc00000 s95448 r8192 d31528 u1048576
[    0.000000] Built 1 zonelists in Node order, mobility grouping on.  Total pages: 257912
[    0.000000] Policy zone: DMA32
[    0.000000] Kernel command line: BOOT_IMAGE=/boot/vmlinuz-4.4.0-178-generic root=UUID=550dd3ae-7e36-4ee8-99c7-73d48a45f588 ro console=tty1 console=ttyS0
[    0.000000] PID hash table entries: 4096 (order: 3, 32768 bytes)
[    0.000000] Memory: 997124K/1048120K available (8626K kernel code, 1336K rwdata, 4036K rodata, 1488K init, 1292K bss, 50996K reserved, 0K cma-reserved)
[    0.000000] SLUB: HWalign=64, Order=0-3, MinObjects=0, CPUs=2, Nodes=1
[    0.000000] Kernel/User page tables isolation: enabled
[    0.000000] Hierarchical RCU implementation.
[    0.000000] 	Build-time adjustment of leaf fanout to 64.
[    0.000000] 	RCU restricting CPUs from NR_CPUS=512 to nr_cpu_ids=2.
[    0.000000] RCU: Adjusting geometry for rcu_fanout_leaf=64, nr_cpu_ids=2
[    0.000000] NR_IRQS:33024 nr_irqs:440 16
[    0.000000] Console: colour VGA+ 80x25
[    0.000000] console [tty1] enabled
[    0.000000] console [ttyS0] enabled
[    0.000000] tsc: Detected 2207.996 MHz processor
[    0.921363] Calibrating delay loop (skipped) preset value.. 4415.99 BogoMIPS (lpj=8831984)
[    0.922578] pid_max: default: 32768 minimum: 301
[    0.923240] ACPI: Core revision 20150930
[    0.924494] ACPI: 2 ACPI AML tables successfully acquired and loaded
[    0.925497] Security Framework initialized
[    0.926098] Yama: becoming mindful.
[    0.926651] AppArmor: AppArmor initialized
[    0.927358] Dentry cache hash table entries: 131072 (order: 8, 1048576 bytes)
[    0.928938] Inode-cache hash table entries: 65536 (order: 7, 524288 bytes)
[    0.929953] Mount-cache hash table entries: 2048 (order: 2, 16384 bytes)
[    0.930836] Mountpoint-cache hash table entries: 2048 (order: 2, 16384 bytes)
[    0.931855] Initializing cgroup subsys io
[    0.932455] Initializing cgroup subsys memory
[    0.933081] Initializing cgroup subsys devices
[    0.933741] Initializing cgroup subsys freezer
[    0.934395] Initializing cgroup subsys net_cls
[    0.935023] Initializing cgroup subsys perf_event
[    0.935726] Initializing cgroup subsys net_prio
[    0.936360] Initializing cgroup subsys hugetlb
[    0.937017] Initializing cgroup subsys pids
[    0.938666] mce: CPU supports 0 MCE banks
[    0.939290] Last level iTLB entries: 4KB 64, 2MB 8, 4MB 8
[    0.940798] Last level dTLB entries: 4KB 64, 2MB 0, 4MB 0, 1GB 4
[    0.942444] Spectre V1 : Mitigation: usercopy/swapgs barriers and __user pointer sanitization
[    0.944020] Spectre V2 : Mitigation: Full generic retpoline
[    0.944904] Spectre V2 : Spectre v2 / SpectreRSB mitigation: Filling RSB on context switch
[    0.946103] Speculative Store Bypass: Vulnerable
[    0.946819] MDS: Mitigation: Clear CPU buffers
[    0.949199] Freeing SMP alternatives memory: 36K
[    0.953716] ftrace: allocating 32308 entries in 127 pages
[    0.997639] smpboot: APIC(0) Converting physical 0 to logical package 0
[    1.018600] smpboot: Max logical packages: 1
[    1.019438] x2apic enabled
[    1.020074] Switched APIC routing to physical x2apic.
[    1.021656] ..TIMER: vector=0x30 apic1=0 pin1=2 apic2=-1 pin2=-1
[    1.133272] APIC calibration not consistent with PM-Timer: 97ms instead of 100ms
[    1.165867] APIC delta adjusted to PM-Timer: 6250294 (6118690)
[    1.170644] smpboot: CPU0: Intel(R) Core(TM) i7-8750H CPU @ 2.20GHz (family: 0x6, model: 0x9e, stepping: 0xa)
[    1.172502] Performance Events: unsupported p6 CPU model 158 no PMU driver, software events only.
[    1.182137] KVM setup paravirtual spinlock
[    1.184575] x86: Booting SMP configuration:
[    1.185366] .... node  #0, CPUs:      #1
[    1.186213] kvm-clock: cpu 1, msr 0:3ffe3041, secondary cpu clock
[    1.187998] mce: CPU supports 0 MCE banks
[    1.190543] x86: Booted up 1 node, 2 CPUs
[    1.191354] smpboot: Total of 2 processors activated (8831.98 BogoMIPS)
[    1.192612] devtmpfs: initialized
[    1.194868] evm: security.selinux
[    1.200738] evm: security.SMACK64
[    1.201295] evm: security.SMACK64EXEC
[    1.201877] evm: security.SMACK64TRANSMUTE
[    1.207746] evm: security.SMACK64MMAP
[    1.208343] evm: security.ima
[    1.208862] evm: security.capability
[    1.209706] clocksource: jiffies: mask: 0xffffffff max_cycles: 0xffffffff, max_idle_ns: 7645041785100000 ns
[    1.211386] futex hash table entries: 512 (order: 3, 32768 bytes)
[    1.212609] pinctrl core: initialized pinctrl subsystem
[    1.213680] RTC time: 13:53:30, date: 05/12/20
[    1.219964] NET: Registered protocol family 16
[    1.243012] cpuidle: using governor ladder
[    1.271233] cpuidle: using governor menu
[    1.272060] PCCT header not found.
[    1.272871] ACPI: bus type PCI registered
[    1.273658] acpiphp: ACPI Hot Plug PCI Controller Driver version: 0.5
[    1.280225] PCI: Using configuration type 1 for base access
[    1.292106] ACPI: Added _OSI(Module Device)
[    1.293022] ACPI: Added _OSI(Processor Device)
[    1.293778] ACPI: Added _OSI(3.0 _SCP Extensions)
[    1.294563] ACPI: Added _OSI(Processor Aggregator Device)
[    1.296167] ACPI: Executed 1 blocks of module-level executable AML code
[    1.299746] ACPI: Interpreter enabled
[    1.300586] ACPI: (supports S0 S5)
[    1.306549] ACPI: Using IOAPIC for interrupt routing
[    1.308560] PCI: Using host bridge windows from ACPI; if necessary, use "pci=nocrs" and report a bug
[    1.313327] ACPI: PCI Root Bridge [PCI0] (domain 0000 [bus 00-ff])
[    1.319557] acpi PNP0A03:00: _OSC: OS supports [ASPM ClockPM Segments MSI]
[    1.320621] acpi PNP0A03:00: _OSC: not requesting OS control; OS requires [ExtendedConfig ASPM ClockPM MSI]
[    1.329527] acpi PNP0A03:00: fail to add MMCONFIG information, can't access extended PCI configuration space under this bridge.
[    1.331803] PCI host bridge to bus 0000:00
[    1.332537] pci_bus 0000:00: root bus resource [io  0x0000-0x0cf7 window]
[    1.333559] pci_bus 0000:00: root bus resource [io  0x0d00-0xffff window]
[    1.334512] pci_bus 0000:00: root bus resource [mem 0x000a0000-0x000bffff window]
[    1.335753] pci_bus 0000:00: root bus resource [mem 0x40000000-0xfdffffff window]
[    1.337039] pci_bus 0000:00: root bus resource [bus 00-ff]
[    1.344385] pci 0000:00:01.1: legacy IDE quirk: reg 0x10: [io  0x01f0-0x01f7]
[    1.354066] pci 0000:00:01.1: legacy IDE quirk: reg 0x14: [io  0x03f6]
[    1.356058] pci 0000:00:01.1: legacy IDE quirk: reg 0x18: [io  0x0170-0x0177]
[    1.357012] pci 0000:00:01.1: legacy IDE quirk: reg 0x1c: [io  0x0376]
[    1.370411] pci 0000:00:07.0: quirk: [io  0x4000-0x403f] claimed by PIIX4 ACPI
[    1.376490] pci 0000:00:07.0: quirk: [io  0x4100-0x410f] claimed by PIIX4 SMB
[    1.388559] ACPI: PCI Interrupt Link [LNKA] (IRQs 5 9 10 *11)
[    1.391812] ACPI: PCI Interrupt Link [LNKB] (IRQs 5 9 *10 11)
[    1.393050] ACPI: PCI Interrupt Link [LNKC] (IRQs 5 *9 10 11)
[    1.394475] ACPI: PCI Interrupt Link [LNKD] (IRQs 5 9 10 *11)
[    1.401154] ACPI: Enabled 2 GPEs in block 00 to 07
[    1.403611] vgaarb: setting as boot device: PCI:0000:00:02.0
[    1.423701] vgaarb: device added: PCI:0000:00:02.0,decodes=io+mem,owns=io+mem,locks=none
[    1.425251] vgaarb: loaded
[    1.425848] vgaarb: bridge control possible 0000:00:02.0
[    1.426974] SCSI subsystem initialized
[    1.427900] ACPI: bus type USB registered
[    1.428686] usbcore: registered new interface driver usbfs
[    1.430944] usbcore: registered new interface driver hub
[    1.432013] usbcore: registered new device driver usb
[    1.433185] PCI: Using ACPI for IRQ routing
[    1.460361] NetLabel: Initializing
[    1.460924] NetLabel:  domain hash size = 128
[    1.461578] NetLabel:  protocols = UNLABELED CIPSOv4
[    1.468304] NetLabel:  unlabeled traffic allowed by default
[    1.469610] amd_nb: Cannot enumerate AMD northbridges
[    1.471865] clocksource: Switched to clocksource kvm-clock
[    1.480429] AppArmor: AppArmor Filesystem Enabled
[    1.481420] pnp: PnP ACPI init
[    1.482946] pnp: PnP ACPI: found 3 devices
[  1.492646] clocksource: acpi_pm: mask: 0xffffff max_cycles: 0xffffff, max_idle_ns: 2085701024 ns
[   1.536065] NET: Registered protocol family 2

[    1.557697] TCP established hash table entries: 8192 (order: 4, 65536 bytes)
[    1.570957] TCP bind hash table entries: 8192 (order: 5, 131072 bytes)
[    1.571941] TCP: Hash tables configured (established 8192 bind 8192)
[    1.572889] UDP hash table entries: 512 (order: 2, 16384 bytes)
[    1.573813] UDP-Lite hash table entries: 512 (order: 2, 1384 bytes)
[    1.595595] NET: Registered protocol family 1
[    1.596372] pci 0000:00:00.0: Limiting direct PCI/PCI transfers
[  1.597298] pci 0000:00:01.0: Activating ISA DMA hang workarounds
[    1.641471] Unpacking initramfs...

[    1.862226] Freeing initrd memory: 15428K
[    1.863371] clocksource: tsc: mask: 0xffffffffffffffff max_cycles: 0x1fd3b426a0c, max_idle_ns: 440795203300 ns
[    1.865473] platform rtc_cmos: registered platform RTC device (no PNP device found)
[    1.867229] Scanning for low memory corruption every 60 seconds
[    1.868875] audit: initializing netlink subsys (disabled)
[    1.870073] audit: type=2000 audit(1589291614.913:1): initialized
[    1.871657] Initialise system trusted keyring
[    1.872911] HugeTLB registered 2 MB page size, pre-allocated 0 pages
[    1.875886] zbud: loaded
[    1.877096] VFS: Disk quotas dquot_6.6.0
[    1.878102] VFS: Dquot-cache hash table entries: 512 (order 0, 4096 bytes)
[    1.879829] squashfs: version 4.0 (2009/01/31) Phillip Lougher
[    1.881523] fuse init (API version 7.23)
[    1.882665] Key type big_key registered
[    1.883650] Allocating IMA MOK and blacklist keyrings.
[    1.885969] Key type asymmetric registered
[    1.929825] Asymmetric key parser 'x509' registered
[    1.930708] Block layer SCSI generic (bsg) driver version 0.4 loaded (major 249)
[    1.932313] io scheduler noop registered
[    1.933085] io scheduler deadline registered (default)
[    1.934181] io scheduler cfq registered
[    1.935095] pci_hotplug: PCI Hot Plug PCI Core version: 0.5
[    1.936143] pciehp: PCI Express Hot Plug Controller Driver version: 0.4
[    1.949887] ACPI: AC Adapter [AC] (on-line)
[    1.970195] input: Power Button as /devices/LNXSYSTM:00/LNXPWRBN:00/input/input0
[    1.973730] ACPI: Power Button [PWRF]
[    1.974446] input: Sleep Button as /devices/LNXSYSTM:00/LNXSLPBN:00/input/input1
[    1.980092] ACPI: Sleep Button [SLPF]
[    1.980985] GHES: HEST is not enabled!
[    1.982190] ACPI: Battery Slot [BAT0] (battery present)
[    1.984116] Serial: 8250/16550 driver, 32 ports, IRQ sharing enabled
[    2.006892] 00:02: ttyS0 at I/O 0x3f8 (irq = 4, base_baud = 115200) is a 16550A
[    2.009120] Linux agpgart interface v0.103
[    2.011616] loop: module loaded
[    2.012709] scsi host0: ata_piix
[    20033443] scsi host1: ata_piix
[    2.070228] ata1: PATA max UDMA/33 cmd 0x1f0 ctl 0x3f6 bmdma 0xd000 irq 14
[    2.071725] ata2: PATA max UDMA/33 cmd 0x170 ctl 0x376 bmdma 0xd008 irq 15
[    2.090883] libphy: Fixed MDIO Bus: probed
[    2.109991] tun: Universal TUN/TAP device driver, 1.6
[    2.111011] tun: (C) 1999-2004 Max Krasnyansky <maxk@qualcomm.com>
[    2.112565] PPP generic driver version 2.4.2
[    2.113654] ehci_hcd: USB 2.0 'Enhanced' Host Controller (EHCI) Driver
[    2.115024] ehci-pci: EHCI PCI platform driver
[    2.116077] ehci-platform: EHCI generic platform driver
[    2.117202] ohci_hcd: USB 1.1 'Open' Host Controller (OHCI) Driver
[    2.118316] ohci-pci: OHCI PCI platform driver
[    2.119195] ohci-platform: OHCI generic platform driver
[    2.120201] uhci_hcd: USB Universal Host Controller Interface driver
[    2.121459] i8042: PNP: PS/2 Controller [PNP0303:PS2K,PNP0f03:PS2M] at 0x60,0x64 irq 1,12
[    22220681] serio: i8042 KBD port at 0x60,0x64 irq 1
[    2.247976] serio: i8042 AUX port at 0x60,0x64 irq 12
[    2.248836] mousedev: PS/2 mouse device common for all mice
[    2.250054] rtc_cmos rtc_cmos: rtc core: registered rtc_cmos as rtc0
[    2.270538] input: AT Translated Set 2 keyboard as /devices/platform/i8042/serio0/input/input2
[    2.273686] rtc_cmos rtc_cmos: alarms up to one day, 114 bytes nvram
[    2.275619] i2c /dev entries driver
[    2.276456] device-mapper: uevent: version 1.0.3
[    2.277410] device-mapper: ioctl: 4.34.0-ioctl (2015-10-28) initialised: dm-devel@redhat.com
[    2.310187] ledtrig-cpu: registered to indicate activity on CPUs
[    2.381055] NET: Registered protocol family 10
[    2.382349] NET: Registered protocol family 17
[    2.383373] Key type dns_resolver registered
[    2.384690] registered taskstats version 1
[    2.385654] Loading compiled-in X.509 certificates
[    2.387452] Loaded X.509 cert 'Build time autogenerated kernel key: f33c437cc9123d9712070bdfe932b55b24c56047'
[    2.389672] zswap: loaded using pool lzo/zbud
[    2.393003] Key type trusted registered
[    2.402664] Key type encrypted registered
[    2.403432] AppArmor: AppArmor sha1 policy hashing enabled
[    2.404385] ima: No TPM chip found, activating TPM-bypass!
[    2.405274] ima: Allocated hash algorithm: sha1
[    2.406046] evm: HMAC attrs: 0x1
[    2.406976]   Magic number: 4:612:887
[    2.480125] rtc_cmos rtc_cmos: setting system clock to 2020-05-12 13:53:31 UTC (1589291611)
[    2.481660] BIOS EDD facility v0.16 2004-Jun-25, 0 devices found
[    2.482835] EDD information not available.
[    2.484754] Freeing unused kernel memory: 1488K
[    2.504030] Write protecting the kernel read-only data: 14336k
[    2.505401] Freeing unused kernel memory: 1604K
[    2.506353] Freeing unused kernel memory: 60K
Loading, please wait...
starting version[    2.521205] random: systemd-udevd: uninitialized urandom read (16 bytes read, 3 bits of entropy available)
 229
[    2.522265] random: udevadm: uninitialized urandom read (16 bytes read, 3 bits of entropy available)
[    2.522288] random: udevadm: uninitialized urandom read (16 bytes read, 3 bits of entropy available)
[    2.532020] random: udevadm: uninitialized urandom read (16 bytes read, 3 bits of entropy available)
[    2.532070] random: udevadm: uninitialized urandom read (16 bytes read, 3 bits of entropy available)
[    2.532223] random: udevadm: uninitialized urandom read (16 bytes read, 3 bits of entropy available)
[    2.532413] random: udevadm: uninitialized urandom read (16 bytes read, 3 bits of entropy available)
[    2.532469] random: udevadm: uninitialized urandom read (16 bytes read, 3 bits of entropy available)
[    2.532525] random: udevadm: uninitialized urandom read (16 bytes read, 3 bits of entropy available)
[    2.532580] random: udevadm: uninitialized urandom read (16 bytes read, 3 bits of entropy available)
[    2.578432] Fusion MPT base driver 3.04.20
[    2.579454] Copyright (c) 1999-2008 LSI Corporation
[    2.624579] e1000: Intel(R) PRO/1000 Network Driver - version 7.3.21-k8-NAPI
[    2.625942] e1000: Copyright (c) 1999-2006 Intel Corporation.
[    2.630583] AVX2 version of gcm_enc/dec engaged.
[    2.632803] AES CTR mode by8 optimization enabled
[    2.645304] Fusion MPT SPI Host driver 3.04.20
[    2.816977] input: ImExPS/2 Generic Explorer Mouse as /devices/platform/i8042/serio1/input/input4
[    2.992790] e1000 0000:00:03.0 eth0: (PCI:33MHz:32-bit) 02:af:57:b2:64:eb
[    2.994179] e1000 0000:00:03.0 eth0: Intel(R) PRO/1000 Network Connection
[    2.996318] mptbase: ioc0: Initiating bringup
[    3.092115] ioc0: LSI53C1030 A0: Capabilities={Initiator}
[    3.253419] scsi host2: ioc0: LSI53C1030 A0, FwRev=00000000h, Ports=1, MaxQ=256, IRQ=20
[    3.364243] scsi 2:0:0:0: Direct-Access     VBOX     HARDDISK         1.0  PQ: 0 ANSI: 5
[    3.366815] scsi target2:0:0: Beginning Domain Validation
[    3.368307] scsi target2:0:0: Domain Validation skipping write tests
[    3.369369] scsi target2:0:0: Ending Domain Validation
[    3.370210] scsi target2:0:0: asynchronous
[    3.371206] scsi 2:0:1:0: Direct-Access     VBOX     HARDDISK         1.0  PQ: 0 ANSI: 5
[    3.372536] scsi target2:0:1: Beginning Domain Validation
[    3.374078] scsi target2:0:1: Domain Validation skipping write tests
[    3.383487] scsi target2:0:1: Ending Domain Validation
[    3.394112] scsi target2:0:1: asynchronous
[    3.417087] sd 2:0:0:0: Attached scsi generic sg0 type 0
[    3.455984] sd 2:0:1:0: Attached scsi generic sg1 type 0
[    3.457305] sd 2:0:0:0: [sda] 20971520 512-byte logical blocks: (10.7 GB/10.0 GiB)
[    3.459016] sd 2:0:1:0: [sdb] 20480 512-byte logical blocks: (10.5 MB/10.0 MiB)
[    3.460847] sd 2:0:0:0: [sda] Write Protect is off
[    3.461946] sd 2:0:1:0: [sdb] Write Protect is off
[    3.463024] sd 2:0:0:0: [sda] Incomplete mode parameter data
[    3.464237] sd 2:0:0:0: [sda] Assuming drive cache: write through
[    3.466089] sd 2:0:1:0: [sdb] Incomplete mode parameter data
[    3.467381] sd 2:0:1:0: [sdb] Assuming drive cache: write through
[    3.474772]  sda: sda1
[    3.476315] sd 2:0:0:0: [sda] Attached SCSI disk
[    3.479636] sd 2:0:1:0: [sdb] Attached SCSI disk
[    3.715574] e1000 0000:00:08.0 eth1: (PCI:33MHz:32-bit) 08:00:27:33:ac:7f
[    3.716832] e1000 0000:00:08.0 eth1: Intel(R) PRO/1000 Network Connection
[    3.718997] e1000 0000:00:08.0 enp0s8: renamed from eth1
[    3.732137] e1000 0000:00:03.0 enp0s3: renamed from eth0
Begin: Loading e[    4.973591] md: linear personality registered for level -1
ssential drivers[    5.042463] md: multipath personality registered for level -4
 ... [    5.225225] md: raid0 personality registered for level 0
[    5.353236] md: raid1 personality registered for level 1
[    5.423894] raid6: sse2x1   gen() 13361 MB/s
[    5.491885] raid6: sse2x1   xor()  9440 MB/s
[    5.559921] raid6: sse2x2   gen() 16582 MB/s
[    5.635877] raid6: sse2x2   xor() 11372 MB/s
[    5.735908] raid6: sse2x4   gen() 18821 MB/s
[    5.843905] raid6: sse2x4   xor() 12487 MB/s
[    5.947904] raid6: avx2x1   gen() 21853 MB/s
[    6.015911] raid6: avx2x2   gen() 29296 MB/s
[    6.087909] raid6: avx2x4   gen() 33155 MB/s
[    6.092487] raid6: using algorithm avx2x4 gen() 33155 MB/s
[    6.096627] raid6: using avx2x2 recovery algorithm
[    6.101278] xor: automatically using best checksumming function:
[    6.169788]    avx       : 70404.000 MB/sec
[    6.171490] async_tx: api initialized (async)
[    6.179163] md: raid6 personality registered for level 6
[    6.180003] md: raid5 personality registered for level 5
[    6.180733] md: raid4 personality registered for level 4
[    6.188629] md: raid10 personality registered for level 10
done.
Begin: Running /scripts/init-premount ... done.
Begin: Mounting root file system ... Begin: Running /scripts/local-top ... done.
Begin: Running /scripts/local-premount ... [    6.217362] Btrfs loaded
Scanning for Btrfs filesystems
done.
Warning: fsck not present, so sk[    6.307857] EXT4-fs (sda1): mounted filesystem with ordered data mode. Opts: (null)
ipping root file system
done.
Begin: Running /scripts/local-bottom ... done.
Begin: Running /scripts/init-bottom ... done.
[    6.404387] systemd[1]: systemd 229 running in system mode. (+PAM +AUDIT +SELINUX +IMA +APPARMOR +SMACK +SYSVINIT +UTMP +LIBCRYPTSETUP +GCRYPT +GNUTLS +ACL +XZ -LZ4 +SECCOMP +BLKID +ELFUTILS +KMOD -IDN)
[    6.419324] systemd[1]: Detected virtualization oracle.
[    6.420407] systemd[1]: Detected architecture x86-64.

Welcome to [1mUbuntu 16.04.6 LTS[0m!

[    6.423535] systemd[1]: Set hostname to <services-node>.
[    6.536454] systemd[1]: Started Trigger resolvconf update for networkd DNS.
[[0;32m  OK  [0m] Started Trigger resolvconf update for networkd DNS.
[    6.541897] systemd[1]: Reached target System Time Synchronized.
[[0;32m  OK  [0m] Reached target System Time Synchronized.
[    6.543333]sssstemd[1]:LListening on LVM2 metadata daemon socket.
[[0;32m  OK  [0m] Listening on LVM2 metadata daemon socket.
[    6.852362] systemd[1]: Listening on Journal Audit Socket.
[[0;32m  OK  [0m] Listening on Journal Audit Socket.
[    6.853988] systemd[1]: Reached target Swap.
[[0;32m  OK  [0m] Reached target Swap.
[    6.800428]sssseedd11]: Lsseeiigg on Journal Socket.
[[0;32m  OK  [0m] Listening on Journal Socket.
[    7.288343] systemd[1]: Set up automount Arbitrary Executable File Formats File System Automount Point.
[[0;32m  OK  [0m] Set up automount Arbitrary Executab...ats File System Automount Point.
[    7.290684] systemd[1]: Listening on Device-mapper event daemon FIFOs.
[[0;32m  OK  [0m] Listening on Device-mapper event daemon FIFOs.
[    7.292564] systemd[1]: Created slice System Slice.
[[0;32m  OK  [0m] Created slice System Slice.
[    7.303996] systemd[1]: Mounting POSIX Message Queue File System...
         Mounting POSIX Message Queue File System...
[    7.312630] systemd[1]: Starting Create list of required static device nodes for the current kernel...
         Starting Create list of required st... nodes for the current kernel...
[    7.317322] systemd[1]: Starting Uncomplicated firewall...
         Starting Uncomplicated firewall...
[    7.319250] systemd[1]: Created slice system-serial\x2dgetty.slice.
[[0;32m  OK  [0m] Created slice system-serial\x2dgetty.slice.
[    7.321251] systemd[1]: Started Forward Password Requests to Wall Directory Watch.
[[0;32m  OK  [0m] Started Forward Password Requests to Wall Directory Watch.
[    7.324135] systemd[1]: Mounting Debug File System...
         Mounting Debug File System...
[    7.371113] systemd[1]: Created slice system-postgresql.slice.
[[0;32m  OK  [0m] Created slice system-postgresql.slice.
[    7.387390] systemd[1]: Starting Monitoring of LVM2 mirrors, snapshots etc. using dmeventd or progress polling...
         Starting Monitoring of LVM2 mirrors... dmeventd or progress polling...
[    7.412160] systemd[1]: Listening on Journal Socket (/dev/log).
[[0;32m  OK  [0m] Listening on Journal Socket (/dev/log).
[    7.421959] systemd[1]: Starting Remount Root and Kernel File Systems...
         Starting Remount Root and Kernel File Systems...
[    7.424014] systemd[1]: Starting Set console keymap...
         Starting Set console keymap...
[    7.425503] EXT4-fs (sda1): re-mounted. Opts: (null)
[    7.425898] systemd[1]: Starting Nameserver information manager...
         Starting Nameserver information manager...
[    7.428194] systemd[1]: Mounting Huge Pages File System...
         Mounting Huge Pages File System...
[    7.429782] systemd[1]: Listening on udev Kernel Socket.
[[0;32m  OK  [0m] Listening on udev Kernel Socket.
[    7.431297] systemd[1]: Reached target User and Group Name Lookups.
[[0;32m  OK  [0m] Reached target User and Group Name Lookups.
[    7.475832] systemd[1]: Listening on Syslog Socket.
[[0;32m  OK  [0m] Listening on Syslog Socket.
[    7.488030] systemd[1]: Starting Journal Service...
         Starting Journal Service...
[    7.489490] systemd[1]: Reached target Encrypted Volumes.
[[0;32m  OK  [0m] Reached target Encrypted Volumes.
[    7.491207] systemd[1]: Listening on udev Control Socket.
[[0;32m  OK  [0m] Listening on udev Control Socket.
[    7.492736] systemd[1]: Listening on LVM2 poll daemon socket.
[[0;32m  OK  [0m] Listening on LVM2 poll daemon socket.
[    7.494289] systemd[1]: Listening on /dev/initctl Compatibility Named Pipe.
[[0;32m  OK  [0m] Listening on /dev/initctl Compatibility Named Pipe.
[    7.496283] systemd[1]: Created slice User and Session Slice.
[[0;32m  OK  [0m] Created slice User and Session Slice.
[    7.497792] systemd[1]: Reached target Slices.
[[0;32m  OK  [0m] Reached target Slices.
[    7.500693] systemd[1]: Starting Load Kernel Modules...
         Starting Load Kernel Mo[    7.508045] Loading iSCSI transport class v2.0-870.
dules...
[   776699403]sssseedd[1]: Mounted Debug File System.
[[0;32m  OK  [0m] Mounted Debu[    7.845790] iscsi: registered transport (tcp)
g File System.
[    7.866833] systemd[1]: Mounted POSIX Message Queue File System.
[[0;32m  OK  [[    7.878013] random: nonblocking pool is initialized
0m] Mounted POSIX Message Queue File System.
[    7.881083] systemd[1]: Mounted Huge Pages File System.
[[0;32m  OK  [0m] Mounted Huge Pages File System.
[    7.882705] systemd[1]: Started Journal Service.
[[0;32m  OK  [0m] Started Journal Service.
[[0;32m  OK  [0m] Started Create list of required sta...ce nodes for the current kernel.
[[0;32m  OK  [0m] Started Uncomplicated firewall.
[[0;32m  OK  [0m] Started Remount Root and Kernel File Systems.
[[0;32m  OK  [0m] Started Set console keymap.
[    7.898140] iscsi: registered transport (iser)
[[0;32m  OK  [0m] Started Load Kernel Modules.
[[0;32m  OK  [0m] Started Nameserver information manager.
[[0;32m  OK  [0m] Started LVM2 metadata daemon.
         Starting Apply Kernel Variables...
         Mounting FUSE Control File System...
         Starting udev Coldplug all Devices...
         Starting Load/Save Random Seed...
         Starting Create Static Device Nodes in /dev...
         Starting Flush Journal to Persistent Storage...
[[0;32m  OK  [0m] Mounted FUSE Control File System.
[[0;32m  OK  [0m] Started Apply Kernel Variables.
[[0;32m  OK  [0m] Started Load/Save Random Seed.
[[0;32m  OK  [0m] Started Create Static Device Nodes in /dev.
[[0;32m  OK  [0m] Started udev Coldplug all Devices.
         Starting udev Kernel Device Manager...
[[0;32m  OK  [0m] Started udev Kernel Device Manager.
[[0;32m  OK  [0m] Started Flush Journal to Persistent Storage.
[[0;32m  OK  [0m] Found device /dev/ttyS0.
[[0;32m  OK  [0m] Started Dispatch Password Requests to Console Directory Watch.
[[0;32m  OK  [0m] Started Monitoring of LVM2 mirrors,...ng dmeventd or progress polling.
[[0;32m  OK  [0m] Listening on Load/Save RF Kill Switch Status /dev/rfkill Watch.
[[0;32m  OK  [0m] Reached target Local File Systems (Pre).
[[0;32m  OK  [0m] Reached target Local File Systems.
         Starting Tell Plymouth To Write Out Runtime Data...
         Starting LSB: AppArmor initialization...
         Starting Create Volatile Files and Directories...
         Starting Initial cloud-init job (pre-networking)...
         Starting Set console font and keymap...
[[0;32m  OK  [0m] Started Tell Plymouth To Write Out Runtime Data.
[[0;32m  OK  [0m] Started Create Volatile Files and Directories.
         Starting Update UTMP about System Boot/Shutdown...
[[0;32m  OK  [0m] Found device 82540EM Gigabit Ethern...r (PRO/1000 MT Desktop Adapter).
[[0;32m  OK  [0m] Found device 82540EM Gigabit Ethern...r (PRO/1000 MT Desktop Adapter).
[[0;32m  OK  [0m] Started Update UTMP about System Boot/Shutdown.
[[0;32m  OK  [0m] Started Set console font and keymap.
[[0;32m  OK  [0m] Created slice system-getty.slice.
[[0;32m  OK  [0m] Started LSB: AppArmor initialization.
[    8.479939] cloud-init[662]: Cloud-init v. 19.2-24-ge7881d5c-0ubuntu1~16.04.1 running 'init-local' at Tue, 12 May 2020 13:53:38 +0000. Up 8.29 seconds.
[[0;32m  OK  [0m] Started Initial cloud-init job (pre-networking).
[[0;32m  OK  [0m] Reached target Network (Pre).
[[0;32m  OK  [0m] Started ifup for enp0s8.
         Starting Raise network interfaces...
[[0;32m  OK  [0m] Started ifup for enp0s3.
[[0;32m  OK  [0m] Started Raise network interfaces.
         Starting Initial cloud-init job (metadata service crawler)...
[[0;32m  OK  [0m] Reached target Network.
[    9.803301] cloud-init[1126]: Cloud-init v. 19.2-24-ge7881d5c-0ubuntu1~16.04.1 running 'init' at Tue, 12 May 2020 13:53:39 +0000. Up 9.63 seconds.
[    9.939183] [[0;32m  OK  [0m] Started Initial cloud-init job (metadata service crawler).
[[0;32m  OK  [0m] Reached target Network is Online.
cloud-init[1126]: ci-info: ++++++++++++++++++++++++++++++Net device info+++++++++++++++++++++++++++++++
[    9.952002]          Starting iSCSI initiator daemon (iscsid)...
[[0;32m  OK  [0m] Reached target Cloud-config availability.
[[0;32m  OK  [0m] Reached target System Initialization.
cloud-init[1126]: ci-info: +--------+------+-------------+---------------+--------+-------------------+
[[0;32m  OK  [0m] Started ACPI Events Check.
[[0;32m  OK  [0m] Reached target Paths.
         Starting Socket activation for snappy daemon.
[    9.971534] cloud-init[1126]: ci-info: | Device |  Up  |   Address   |      Mask     | Scope  |     Hw-Address    |
[    9.976268] [[0;32m  OK  [0m] Started Daily apt download activities.
cloud-init[1126]:          Starting LXD - unix socket.
[[0;32m  OK  [0m] Listening on D-Bus System Message Bus Socket.
[[0;32m  OK  [0m] Started Daily apt upgrade and clean activities.
[[0;32m  OK  [0m] Listening on ACPID Listen Socket.
[[0;32m  OK  [0m] Listening on Avahi mDNS/DNS-SD Stack Activation Socket.
[[0;32m  OK  [0m] Listening on UUID daemon activation socket.
[[0;32m  OK  [0m] Started Daily Cleanup of Temporary Directories.
[[0;32m  OK  [0m] Reached target Timers.
[[0;32m  OK  [0m] Listening on Socket activation for snappy daemon.
[[0;32m  OK  [0m] Listening on LXD - unix socket.
[[0;32m  OK  [0m] Reached target Sockets.
[[0;32m  OK  [0m] Reached target Basic System.
         Starting System Logging Service...
[[0;32m  OK  [0m] Started Deferred execution scheduler.
ci-info: +--------+------+-------------+---------------+--------+-------------------+         Starting Avahi mDNS/DNS-SD Stack...
         Starting PostgreSQL Cluster 9.5-main...

         Starting Virtualbox guest utils...
         Starting LXD - container startup/shutdown...
         Starting LSB: MD monitoring daemon...
[[0;32m  OK  [0m] Started D-Bus System Message Bus.
[    9.993261] cloud-init[1126]: ci-info: | enp0s3 | True |  10.0.2.15  | 255.255.255.0 | global | 02:af:57:b2:64:eb |
[   10.001286] cloud-init[1126]: ci-info: | enp0s8 | True | 172.16.0.10 | 255.255.255.0 | global | 08:00:27:33:ac:7f |
[   10.005256] cloud-init[1126]: ci-info: |   lo   | True |  127.0.0.1  |   255.0.0.0   |  host  |         .         |
[   10.009375] cloud-init[1126]: ci-info: +--------+------+-------------+---------------+--------+-------------------+
[   10.012483] cloud-init[1126]: ci-info: +++++++++++++++++++++++++++Route IPv4 info++++++++++++++++++++++++++++
[   10.014508] cloud-init[1126]: ci-info: +-------+-------------+----------+---------------+-----------+-------+
[   10.016486] cloud-init[1126]: ci-info: | Route | Destination | Gateway  |    Genmask    | Interface | Flags |
[   10.018422] cloud-init[1126]: ci-info: +-------+-------------+----------+---------------+-----------+-------+
[   10.020746] cloud-init[1126]: ci-info: |   0   |   0.0.0.0   | 10.0.2.2 |    0.0.0.0    |   enp0s3  |   UG  |
[   10.022870] cloud-init[1126]: ci-info: |   1   |   10.0.2.0  | 0.0.0.0  | 255.255.255.0 |   enp0s3  |   U   |
[   10.024889] cloud-init[1126]: ci-info: |   2   |  172.16.0.0 | 0.0.0.0  | 255.255.255.0 |   enp0s8  |   U   |
[   10.026639] cloud-init[1126]: ci-info: +-------+-------------+----------+---------------+-----------+-------+
[   10.028349] cloud-init[1126]: ci-info: +++++++++++++++++++Route IPv6 info+++++++++++++++++++
[   10.029900] cloud-init[1126]: ci-info: +-------+-------------+---------+-----------+-------+[[0;32m  OK  [0m] Started Avahi mDNS/DNS-SD Stack.

[   10.031787] cloud-init[1126]: ci-info: | Route | Destination | Gateway | Interface | Flags |
[   10.033262] cloud-init[1126]: ci-info: +-------+-------------+---------+-----------+-------+
[   10.034807] cloud-init[1126]: ci-info: +-------+-------------+---------+-----------+-------+
         Starting Snappy daemon...
[[0;32m  OK  [0m] Started ACPI event daemon.
         Starting /etc/rc.local Compatibility...
         Starting Accounts Service...
         Starting RabbitMQ Messaging Server...
         Starting OpenBSD Secure Shell server...
         Starting Login Service...
         Starting LSB: Record successful boot for GRUB...
[[0;32m  OK  [0m] Started Regular background program processing daemon.
[[0;32m  OK  [0m] Started FUSE filesystem for LXC.
[[0;32m  OK  [0m] Started System Logging Service.
[[0;32m  OK  [0m] Started /etc/rc.local Compatibility.
[[0;32m  OK  [0m] Started iSCSI initiator daemon (iscsid).
         Starting Login to default iSCSI targets...
[[0;32m  OK  [0m] Started Login Service.
[[0;32m  OK  [0m] Started Unattended Upgrades Shutdown.
[[0;32m  OK  [0m] Started LSB: Record successful boot for GRUB.
[[0;32m  OK  [0m] Started Login to default iSCSI targets.
[[0;32m  OK  [0m] Reached target Remote File Systems (Pre).
[[0;32m  OK  [0m] Reached target Remote File Systems.
         Starting LSB: Set the CPU Frequency Scaling governor to "ondemand"...
         Starting LSB: Start/stop sysstat's sadc...
         Starting LSB: daemon to balance interrupts for SMP systems...
         Starting Permit User Sessions...
         Starting LSB: automatic crash report generation...
[[0;32m  OK  [0m] Started LSB: MD monitoring daemon.
[[0;32m  OK  [0m] Started Permit User Sessions.
         Starting Terminate Plymouth Boot Screen...
         Starting Hold until boot process finishes up...
[[0;32m  OK  [0m] Started LXD - container startup/shutdown.
[[0;32m  OK  [0m] Started Hold until boot process finishes up.
[[0;32m  OK  [0m] Started LSB: Start/stop sysstat's sadc.
[[0;32m  OK  [0m] Started Terminate Plymouth Boot Screen.
         Starting Set console scheme...
[[0;32m  OK  [0m] Started Serial Getty on ttyS0.
[[0;32m  OK  [0m] Started Getty on tty1.
[[0;32m  OK  [0m] Reached target Login Prompts.
[[0;32m  OK  [0m] Started OpenBSD Secure Shell server.
[[0;32m  OK  [0m] Started LSB: Set the CPU Frequency Scaling governor to "ondemand".
[[0;32m  OK  [0m] Started LSB: daemon to balance interrupts for SMP systems.
[[0;32m  OK  [0m] Started Set console scheme.
         Starting Authenticate and Authorize Users to Run Privileged Tasks...
[[0;32m  OK  [0m] Started LSB: automatic crash report generation.
[[0;32m  OK  [0m] Started Authenticate and Authorize Users to Run Privileged Tasks.
[[0;32m  OK  [0m] Started Virtualbox guest utils.
[[0;32m  OK  [0m] Started Accounts Service.
[[0;32m  OK  [0m] Started Snappy daemon.
         Starting Wait until snapd is fully seeded...
[[0;32m  OK  [0m] Started Wait until snapd is fully seeded.
         Starting Apply the settings specified in cloud-config...
[   10.658729] cloud-init[1565]: Cloud-init v. 19.2-24-ge7881d5c-0ubuntu1~16.04.1 running 'modules:config' at Tue, 12 May 2020 13:53:40 +0000. Up 10.59 seconds.
[[0;32m  OK  [0m] Started Apply the settings specified in cloud-config.
[[0;32m  OK  [0m] Created slice User Slice of vagrant.
         Starting User Manager for UID 1000...
[[0;32m  OK  [0m] Started User Manager for UID 1000.
[[0;32m  OK  [0m] Started Session 1 of user vagrant.
[[0;32m  OK  [0m] Started RabbitMQ Messaging Server.
[[0;32m  OK  [0m] Started PostgreSQL Cluster 9.5-main.
         Starting PostgreSQL RDBMS...
[[0;32m  OK  [0m] Started PostgreSQL RDBMS.
[[0;32m  OK  [0m] Reached target Multi-User System.
         Starting Execute cloud user/final scripts...
[[0;32m  OK  [0m] Reached target Graphical Interface.
         Starting Update UTMP about System Runlevel Changes...
[[0;32m  OK  [0m] Started Update UTMP about System Runlevel Changes.
[   12.712857] cloud-init[1872]: Cloud-init v. 19.2-24-ge7881d5c-0ubuntu1~16.04.1 running 'modules:final' at Tue, 12 May 2020 13:53:42 +0000. Up 12.64 seconds.
[   12.841680] [cloud-init[0;32m  OK  [0m[1872]: ] Cloud-init v. 19.2-24-ge7881d5c-0ubuntu1~16.04.1 finished at Tue, 12 May 2020 13:53:42 +0000. Datasource DataSourceNoCloud [seed=/dev/sdb][dsmode=net].  Up 12.70 secondsStarted Execute cloud user/final scripts.

[[0;32m  OK  [0m] Reached target Cloud-init target.

Ubuntu 16.04.6 LTS services-node ttyS0

services-node login: [[0;32m  OK  [0m] Stopped target Graphical Interface.
         Stopping Session 57 of user vagrant.
         Stopping Accounts Service...
[[0;32m  OK  [0m] Stopped target Timers.
         Stopping ACPI event daemon...
         Stopping User Manager for UID 1000...
[[0;32m  OK  [0m] Closed Load/Save RF Kill Switch Status /dev/rfkill Watch.
[[0;32m  OK  [0m] Stopped Daily Cleanup of Temporary Directories.
         Stopping Authenticate and Authorize Users to Run Privileged Tasks...
[[0;32m  OK  [0m] Stopped Daily apt upgrade and clean activities.
[[0;32m  OK  [0m] Stopped target Cloud-init target.
[[0;32m  OK  [0m] Stopped Execute cloud user/final scripts.
[[0;32m  OK  [0m] Stopped Daily apt download activities.
[[0;32m  OK  [0m] Stopped target System Time Synchronized.
[[0;32m  OK  [0m] Stopped target Multi-User System.
         Stopping OpenBSD Secure Shell server...
[[0;32m  OK  [0m] Stopped PostgreSQL RDBMS.
         Stopping PostgreSQL Cluster 9.5-main[[0;32m  OK  [0m] Stopped target Cloud-init target.
[[0;32m  OK  [0m] Closed Load/Save RF Kill Switch Status /dev/rfkill Watch.
         Stopping Authenticate and Authorize Users to Run Privileged Tasks...
         Stopping Session 11 of user vagrant.
         Stopping ACPI event daemon...
[[0;32m  OK  [0m] Stopped target Timers.
[[0;32m  OK  [0m] Stopped Daily Cleanup of Temporary Directories.
[[0;32m  OK  [0m] Stopped Execute cloud user/final scripts.
         Stopping User Manager for UID 1000...
[[0;32m  OK  [0m] Stopped target Graphical Interface.
         Stopping Accounts Service...
[[0;32m  OK  [0m] Stopped target Multi-User System.
         Stopping Deferred execution scheduler...
         Stopping Avahi mDNS/DNS-SD Stack...
         Stopping kubelet: The Kubernetes Node Agent...
         Stopping D-Bus System Message Bus...
         Stopping LSB: daemon to balance interrupts for SMP systems...
         Stop         Stopping LSB: automatic crash report generation...
         Stopping OpenBSD Secure Shell server...
[[0;32m  OK  [0m] Stopped Daily apt upgrade and clean activities.
[[0;32m  OK  [0m] Stopped Daily apt download activities.
[[0;32m  OK  [0m] Stopped Apply the settings specified in cloud-config.
[[0;32m  OK  [0m] Stopped Wait until snapd is fully seeded.
[[0;32m  OK  [0m] Stopped target Cloud-config availability.
         Stopping Unattended Upgrades Shutdown...
[[0;32m  OK  [0m] Stopped target System Time Synchronized.
[[0;32m  OK  [0m] Unmounted /var/lib/lxcfs.
[[0;32m  OK  [0m] Stopped kubelet: The Kubernetes Node Agent.
[[0;32m  OK  [0m] Stopped Deferred execution scheduler.
[[0;32m  OK  [0m] Stopped ACPI event daemon.
[[0;32m  OK  [0m] Stopped Regular background program processing daemon.
[[0;32m  OK  [0m] Stopped System Logging Service.
[[0;32m  OK  [0m] Stopped Accounts Service.
[[0;32m  OK  [0m] Stopped Avahi mDNS/DNS-SD Stack.
[[0;32m  OK  [0m] Stopped OpenBSD Secure Shell server.
[[0;32m  OK  [0m] Stopped Authenticate and Authorize Users to Run Privileged Tasks.
[[0;32m  OK  [0m] Stopped Unattended Upgrades Shutdown.
[[0;32m  OK  [0m] Stopped Getty on tty1.
[[0;32m  OK  [0m] Stopped Serial Getty on ttyS0.
[[0;32m  OK  [0m] Stopped User Manager for UID 1000.
[[0;32m  OK  [0m] Stopped D-Bus System Message Bus.
[[0;32m  OK  [0m] Stopped Session 11 of user vagrant.
[[0;32m  OK  [0m] Stopped LSB: Set up cgroupfs mounts..
[[0;32m  OK  [0m] Stopped FUSE filesystem for LXC.
[[0;32m  OK  [0m] Unmounted /var/lib/docker/overlay2/...30ad16950fc5d4d51f6db9fd/merged.
[[0;32m  OK  [0m] Unmounted /run/docker/netns/08f36250ae1d.
[[0;32m  OK  [0m] Unmounted /var/lib/docker/container...49af517aaffc888a91d8/mounts/shm.
[[0;32m  OK  [0m] Unmounted /var/lib/docker/overlay2/...8943e51239bcc3843bdd62a8/merged.
[[0;32m  OK  [0m] Unmounted /var/lib/docker/overlay2/...92f711d822b5ffffed80f6c9/merged.
[[0;32m  OK  [0m] Unmounted /run/docker/netns/4c1cb57f5729.
[[0;32m  OK  [0m] Unmounted /var/lib/docker/container...e4442b517cd8679303fe/mounts/shm.
[[0;32m  OK  [0m] Unmounted /var/lib/docker/overlay2/...8ad4f1e6c2d181f58c7ae28b/merged.
[[0;32m  OK  [0m] Unmounted /run/docker/netns/4f34f157c5c2.
[[0;32m  OK  [0m] Unmounted /var/lib/docker/container...31341466df114204301d/mounts/shm.
[[0;32m  OK  [0m] Unmounted /var/lib/docker/overlay2/...bbb3c071abe23e573d8750e2/merged.
[[0;32m  OK  [0m] Unmounted /var/lib/docker/overlay2/...9693e1609aa85c0589d624be/merged.
[[0;32m  OK  [0m] Unmounted /var/lib/docker/container...f387a4eacfc1c9aab5a0/mounts/shm.
[[0;32m  OK  [0m] Unmounted /var/lib/docker/overlay2/...834ce45adc47ada9978f6acc/merged.
[[0;32m  OK  [0m] Unmounted /var/lib/docker/container...ec1d36b02e943c422925/mounts/shm.
[[0;32m  OK  [0m] Unmounted /var/lib/docker/overlay2/...44cf9163aebbadea81cfd119/merged.
[[0;32m  OK  [0m] Unmounted /var/lib/docker/overlay2/...8d9d82826d4713ebe687f449/merged.
[[0;32m  OK  [0m] Unmounted /var/lib/docker/overlay2/...c54067bcb6f9a4fbd85d276e/merged.
[[0;32m  OK  [0m] Unmounted /var/lib/docker/overlay2/...eca45d1c9097c1d33db99cb7/merged.
[[0;32m  OK  [0m] Unmounted /var/lib/docker/overlay2/...453b85660ab2be5c285694df/merged.
[[0;32m  OK  [0m] Unmounted /var/lib/docker/container...96ae4909262170551be1/mounts/shm.
[[0;32m  OK  [0m] Unmounted /var/lib/docker/overlay2/...a76618c9d6f20ea8caea9ae1/merged.
[[0;32m  OK  [0m] Unmounted /var/lib/docker/container...047ae92cd501c8a989a0/mounts/shm.
[[0;32m  OK  [0m] Unmounted /var/lib/docker/overlay2/...5a35e3d1493f86c2b20958b8/merged.
[[0;32m  OK  [0m] Unmounted /var/lib/docker/container...17eb980ceb90abb2564c/mounts/shm.
[[0;32m  OK  [0m] Unmounted /var/lib/docker/overlay2/...c00439e9a5f5a64b4d8b3d81/merged.
[[0;32m  OK  [0m] Unmounted /var/lib/docker/container...2f1d32cf1c2c36f6824a/mounts/shm.
[[0;32m  OK  [0m] Unmounted /var/lib/docker/overlay2/...a32b773d549fae6177b35e7e/merged.
[[0;32m  OK  [0m] Stopped LXD - container startup/shutdown.
[[0;32m  OK  [0m] Stopped LSB: Record successful boot for GRUB.
[[0;32m  OK  [0m] Stopped LSB: Set the CPU Frequency Scaling governor to "ondemand".
[[0;32m  OK  [0m] Stopped LSB: daemon to balance interrupts for SMP systems.
[[0;32m  OK  [0m] Stopped LSB: MD monitoring daemon.
[[0;32m  OK  [0m] Stopped LSB: automatic crash report generation.
[[0;32m  OK  [0m] Removed slice User Slice of vagrant.
[[0;32m  OK  [0m] Removed slice system-serial\x2dgetty.slice.
[[0;32m  OK  [0m] Stopped /etc/rc.local Compatibility.
         Stopping Permit User Sessions...
[[0;32m  OK  [0m] Removed slice system-getty.slice.
         Stopping Login Service...
[[0;32m  OK  [0m] Stopped Virtualbox guest utils.
[[0;32m  OK  [0m] Stopped Permit User Sessions.
[[0;32m  OK  [0m] Stopped target Remote File Systems.
[[0;32m  OK  [0m] Stopped target Remote File Systems (Pre).
         Stopping Login to default iSCSI targets...
[[0;32m  OK  [0m] Stopped Login to default iSCSI targets.
[[0;32m  OK  [0m] Stopped Login Service.
[[0;32m  OK  [0m] Stopped target User and Group Name Lookups.
         Stopping iSCSI initiator daemon (iscsid)...
[[0;32m  OK  [0m] Stopped iSCSI initiator daemon (iscsid).
[[0;32m  OK  [0m] Unmounted /var/lib/docker/overlay2/...db3f765479c70f1dddffdef8/merged.
[[0;32m  OK  [0m] Unmounted /var/lib/docker/overlay2/...46dbe4bd8b5d8ca194252ad6/merged.
[[0;32m  OK  [0m] Stopped Docker Application Container Engine.
[[0;32m  OK  [0m] Stopped target Network is Online.
         Stopping containerd container runtime...
[[0;32m  OK  [0m] Stopped containerd container runtime.
[[0;32m  OK  [0m] Stopped target Basic System.
[[0;32m  OK  [0m] Stopped target Sockets.
[[0;32m  OK  [0m] Closed UUID daemon activation socket.
[[0;32m  OK  [0m] Closed Docker Socket for the API.
[[0;32m  OK  [0m] Closed Avahi mDNS/DNS-SD Stack Activation Socket.
[[0;32m  OK  [0m] Closed Syslog Socket.
[[0;32m  OK  [0m] Closed Socket activation for snappy daemon.
[[0;32m  OK  [0m] Closed LXD - unix socket.
[[0;32m  OK  [0m] Closed D-Bus System Message Bus Socket.
[[0;32m  OK  [0m] Closed ACPID Listen Socket.
[[0;32m  OK  [0m] Stopped target Paths.
[[0;32m  OK  [0m] Stopped ACPI Events Check.
[[0;32m  OK  [0m] Stopped Forward Password Requests to Wall Directory Watch.
[[0;32m  OK  [0m] Stopped Dispatch Password Requests to Console Directory Watch.
[[0;32m  OK  [0m] Stopped target Slices.
[[0;32m  OK  [0m] Removed slice User and Session Slice.
[[0;32m  OK  [0m] Stopped target System Initialization.
[[0;32m  OK  [0m] Stopped Initial cloud-init job (metadata service crawler).
[[0;32m  OK  [0m] Stopped target Encrypted Volumes.
         Stopping Update UTMP about System Boot/Shutdown...
         Stopping LSB: ebtables ruleset management...
         Stopping Load/Save Random Seed...
[[0;32m  OK  [0m] Stopped target Swap.
[[0;32m  OK  [0m] Stopped target Network.
         Stopping Raise network interfaces...
[[0;32m  OK  [0m] Stopped Load/Save Random Seed.
[[0;32m  OK  [0m] Stopped Update UTMP about System Boot/Shutdown.
[[0;32m  OK  [0m] Stopped Create Volatile Files and Directories.
[[0;32m  OK  [0m] Stopped LSB: ebtables ruleset management.
[[0;32m  OK  [0m] Stopped Raise network interfaces.
[[0;32m  OK  [0m] Stopped target Network (Pre).
[[0;32m  OK  [0m] Stopped Initial cloud-init job (pre-networking).
[[0;32m  OK  [0m] Stopped Apply Kernel Variables.
[[0;32m  OK  [0m] Stopped Load Kernel Modules.
[[0;32m  OK  [0m] Stopped target Local File Systems.
         Unmounting /var/lib/kubelet/pods/93...io~secret/coredns-token-zbh2l...
         Unmounting /vagrant...
         Unmounting /run/docker/netns/default...
         Unmounting /var/lib/kubelet/pods/e6...secret/kube-proxy-token-m6x6r...
         Unmounting /var/lib/kubelet/pods/ff...io~secret/coredns-token-zbh2l...
         Unmounting /var/lib/kubelet/pods/6d...-kube-controllers-token-4nz7p...
         Unmounting /var/lib/kubelet/pods/77...ecret/calico-node-token-wskn4...
         Unmounting /run/user/1000...
[[0;32m  OK  [0m] Unmounted /var/lib/kubelet/pods/935...s.io~secret/coredns-token-zbh2l.
[[0;32m  OK  [0m] Unmounted /vagrant.
[[0;32m  OK  [0m] Unmounted /run/docker/netns/default.
[[0;32m  OK  [0m] Unmounted /var/lib/kubelet/pods/e68...o~secret/kube-proxy-token-m6x6r.
[[0;32m  OK  [0m] Unmounted /var/lib/kubelet/pods/ffa...s.io~secret/coredns-token-zbh2l.
[[0;32m  OK  [0m] Unmounted /var/lib/kubelet/pods/6d0...co-kube-controllers-token-4nz7p.
[[0;32m  OK  [0m] Unmounted /var/lib/kubelet/pods/77f...~secret/calico-node-token-wskn4.
[[0;32m  OK  [0m] Unmounted /run/user/1000.
[[0;32m  OK  [0m] Reached target Unmount All Filesystems.
[[0;32m  OK  [0m] Stopped target Local File Systems (Pre).
[[0;32m  OK  [0m] Stopped Remount Root and Kernel File Systems.
         Stopping Monitoring of LVM2 mirrors... dmeventd or progress polling...
[[0;32m  OK  [0m] Stopped Create Static Device Nodes in /dev.
[[0;32m  OK  [0m] Reached target Shutdown.
[27501.252480] reboot: Power down
